<?xml version="1.0" encoding="UTF-8"?>
<!-- Generated by org.testng.reporters.JUnitReportReporter -->
<testsuite hostname="QSP" failures="0" tests="3" name="testng.Test1" time="0.048" errors="0" timestamp="2021-12-24T17:21:21 IST" skipped="0">
  <testcase classname="testng.Test1" name="chats" time="0.004"/>
  <testcase classname="testng.Test1" name="calls" time="0.042"/>
  <testcase classname="testng.Test1" name="settings" time="0.002"/>
</testsuite> <!-- testng.Test1 -->
