<?xml version="1.0" encoding="UTF-8"?>
<!-- Generated by org.testng.reporters.JUnitReportReporter -->
<testsuite hostname="QSP" failures="0" tests="3" name="testng.Test2" time="0.035" errors="0" timestamp="2021-12-27T16:18:40 IST" skipped="1">
  <testcase classname="testng.Test2" name="calls" time="0.033"/>
  <testcase classname="testng.Test2" name="calls" time="0.002"/>
  <testcase classname="testng.Test2" name="settings">
    <skipped/>
  </testcase> <!-- settings -->
</testsuite> <!-- testng.Test2 -->
