<?xml version="1.0" encoding="UTF-8"?>
<!-- Generated by org.testng.reporters.JUnitReportReporter -->
<testsuite hostname="QSP" failures="0" tests="1" name="testng.Testcase1" time="34.427" errors="0" timestamp="2021-12-27T17:44:56 IST" skipped="0">
  <testcase classname="testng.Testcase1" name="login" time="34.427"/>
</testsuite> <!-- testng.Testcase1 -->
