<?xml version="1.0" encoding="UTF-8"?>
<!-- Generated by org.testng.reporters.JUnitReportReporter -->
<testsuite hostname="QSP" failures="0" tests="3" name="testng.Parallel" time="134.719" errors="0" timestamp="2021-12-28T16:31:28 IST" skipped="0">
  <testcase classname="testng.Parallel" name="login" time="31.411"/>
  <testcase classname="testng.Parallel" name="login" time="30.563"/>
  <testcase classname="testng.Parallel" name="login" time="72.745"/>
</testsuite> <!-- testng.Parallel -->
