<?xml version="1.0" encoding="UTF-8"?>
<!-- Generated by org.testng.reporters.JUnitReportReporter -->
<testsuite hostname="QSP" failures="0" tests="1" name="testng.Testcase3" time="18.110" errors="0" timestamp="2021-12-27T17:38:54 IST" skipped="0">
  <testcase classname="testng.Testcase3" name="getstarted" time="18.110"/>
</testsuite> <!-- testng.Testcase3 -->
